<?xml version="1.0" encoding="UTF-8"?>
<!-- Generated by org.testng.reporters.JUnitXMLReporter -->
<testsuite hostname="DESKTOP-8KLIGMJ" ignored="0" name="Command line test" tests="2" failures="1" timestamp="14 mars 2020 04:46:16 GMT" time="58.093" errors="0">
  <testcase name="loginPageTitleTest" time="0.009" classname="testcases.LoginTest">
    <failure type="java.lang.AssertionError" message="expected [S�identifier sur LinkedIn | LinkedIn] but found [S’identifier sur LinkedIn | LinkedIn]">
      <![CDATA[java.lang.AssertionError: expected [S�identifier sur LinkedIn | LinkedIn] but found [S’identifier sur LinkedIn | LinkedIn]
	at testcases.LoginTest.loginPageTitleTest(LoginTest.java:29)
... Removed 40 stack frames]]>
    </failure>
  </testcase> <!-- loginPageTitleTest -->
  <testcase name="loginTest" time="12.53" classname="testcases.LoginTest"/>
</testsuite> <!-- Command line test -->
