<?xml version="1.0" encoding="UTF-8" ?>
<testsuite tests="2" failures="1" name="testcases.LoginTest" time="12.693" errors="0" skipped="0">
  <properties>
[...]
</properties>
  <testcase classname="testcases.LoginTest" name="loginPageTitleTest" time="0.165">
    <failure message="expected [S�identifier sur LinkedIn | LinkedIn] but found [S’identifier sur LinkedIn | LinkedIn]" type="java.lang.AssertionError">java.lang.AssertionError: expected [S�identifier sur LinkedIn | LinkedIn] but found [S’identifier sur LinkedIn | LinkedIn]
	at org.testng.Assert.fail(Assert.java:93)
	at org.testng.Assert.failNotEquals(Assert.java:512)
	at org.testng.Assert.assertEqualsImpl(Assert.java:134)
	at org.testng.Assert.assertEquals(Assert.java:115)
	at org.testng.Assert.assertEquals(Assert.java:189)
	at org.testng.Assert.assertEquals(Assert.java:199)
	at testcases.LoginTest.loginPageTitleTest(LoginTest.java:29)
</failure>
    <system-out>Configuring TestNG with: org.apache.maven.surefire.testng.conf.TestNG652Configurator@606d8acf
</system-out>
    <system-err>SLF4J: Failed to load class &quot;org.slf4j.impl.StaticLoggerBinder&quot;.
SLF4J: Defaulting to no-operation (NOP) logger implementation
SLF4J: See http://www.slf4j.org/codes.html#StaticLoggerBinder for further details.
Starting ChromeDriver 80.0.3987.106 (f68069574609230cf9b635cd784cfb1bf81bb53a-refs/branch-heads/3987@{#882}) on port 36642
Only local connections are allowed.
Please protect ports used by ChromeDriver and related test frameworks to prevent access by malicious code.
[1584161136.664][WARNING]: Timed out connecting to Chrome, retrying...
mars 14, 2020 5:45:39 AM org.openqa.selenium.remote.ProtocolHandshake createSession
INFOS: Detected dialect: W3C
[1584161141.879][WARNING]: Timed out connecting to Chrome, retrying...
</system-err>
  </testcase>
  <testcase classname="testcases.LoginTest" name="loginTest" time="12.528"/>
</testsuite>