<?xml version="1.0" encoding="UTF-8"?>
<testng-results skipped="0" failed="0" ignored="0" total="2" passed="2">
  <reporter-output>
  </reporter-output>
  <suite name=" Test Automation Suite" duration-ms="52827" started-at="2020-03-14T04:05:38Z" finished-at="2020-03-14T04:06:30Z">
    <groups>
    </groups>
    <test name=" Test" duration-ms="52827" started-at="2020-03-14T04:05:38Z" finished-at="2020-03-14T04:06:30Z">
      <class name="testcases.LoginTest">
        <test-method status="PASS" signature="setUp()[pri:0, instance:testcases.LoginTest@7e744f43]" name="setUp" is-config="true" duration-ms="26230" started-at="2020-03-14T05:05:38Z" finished-at="2020-03-14T05:06:04Z">
          <reporter-output>
          </reporter-output>
        </test-method> <!-- setUp -->
        <test-method status="PASS" signature="loginPageTitleTest()[pri:1, instance:testcases.LoginTest@7e744f43]" name="loginPageTitleTest" duration-ms="32" started-at="2020-03-14T05:06:04Z" finished-at="2020-03-14T05:06:04Z">
          <reporter-output>
          </reporter-output>
        </test-method> <!-- loginPageTitleTest -->
        <test-method status="PASS" signature="TearDown()[pri:0, instance:testcases.LoginTest@7e744f43]" name="TearDown" is-config="true" duration-ms="692" started-at="2020-03-14T05:06:04Z" finished-at="2020-03-14T05:06:05Z">
          <reporter-output>
          </reporter-output>
        </test-method> <!-- TearDown -->
        <test-method status="PASS" signature="setUp()[pri:0, instance:testcases.LoginTest@7e744f43]" name="setUp" is-config="true" duration-ms="12799" started-at="2020-03-14T05:06:05Z" finished-at="2020-03-14T05:06:18Z">
          <reporter-output>
          </reporter-output>
        </test-method> <!-- setUp -->
        <test-method status="PASS" signature="loginTest()[pri:2, instance:testcases.LoginTest@7e744f43]" name="loginTest" duration-ms="10570" started-at="2020-03-14T05:06:18Z" finished-at="2020-03-14T05:06:28Z">
          <reporter-output>
          </reporter-output>
        </test-method> <!-- loginTest -->
        <test-method status="PASS" signature="TearDown()[pri:0, instance:testcases.LoginTest@7e744f43]" name="TearDown" is-config="true" duration-ms="1543" started-at="2020-03-14T05:06:29Z" finished-at="2020-03-14T05:06:30Z">
          <reporter-output>
          </reporter-output>
        </test-method> <!-- TearDown -->
      </class> <!-- testcases.LoginTest -->
    </test> <!--  Test -->
  </suite> <!--  Test Automation Suite -->
</testng-results>
